<?xml version="1.0" encoding="UTF-8"?>
<testng-results skipped="0" failed="0" ignored="0" total="1" passed="1">
  <reporter-output>
  </reporter-output>
  <suite name="Default suite" duration-ms="11102" started-at="2020-03-21T14:37:08 IST" finished-at="2020-03-21T14:37:19 IST">
    <groups>
    </groups>
    <test name="Default test" duration-ms="11102" started-at="2020-03-21T14:37:08 IST" finished-at="2020-03-21T14:37:19 IST">
      <class name="WebTablesExamples.ReadTableDataInListOfMap">
        <test-method status="PASS" signature="readTableDataInListOfMap()[pri:0, instance:WebTablesExamples.ReadTableDataInListOfMap@4232c52b]" name="readTableDataInListOfMap" duration-ms="11037" started-at="2020-03-21T14:37:08 IST" finished-at="2020-03-21T14:37:19 IST">
          <reporter-output>
          </reporter-output>
        </test-method> <!-- readTableDataInListOfMap -->
      </class> <!-- WebTablesExamples.ReadTableDataInListOfMap -->
    </test> <!-- Default test -->
  </suite> <!-- Default suite -->
</testng-results>
